<?xml version="1.0" encoding="UTF-8"?>
<beans xmlns="http://www.springframework.org/schema/beans" xmlns:xsi="http://www.w3.org/2001/XMLSchema-instance"
	xsi:schemaLocation="http://www.springframework.org/schema/beans http://www.springframework.org/schema/beans/spring-beans-4.0.xsd">

	<bean id="sqlSession1" class="org.mybatis.spring.SqlSessionFactoryBean">
		<property name="dataSource" ref="dataSourceRef"/>
		<property name="configLocation" value="classpath:/sql/config/mybatis-config.xml"></property>
		<property name="mapperLocations">
			<array>
				<value>classpath:/sql/mariadb/*_mariadb_SQL.xml</value>
				<value>classpath:/sql/mariadb/egovframework/*_mariadb_SQL.xml</value>
			</array>
		</property>
	</bean>
	
	<bean id="sqlSession2" class="org.mybatis.spring.SqlSessionFactoryBean">
		<property name="dataSource" ref="dataSourceRef"/>
		<property name="configLocation" value="classpath:/sql/config/mybatis-config.xml"></property>
		<property name="mapperLocations">
			<array>
				<value>classpath:/sql/mariadb/*_mariadb_SQL.xml</value>
				<value>classpath:/sql/mariadb/egovframework/*_mariadb_SQL.xml</value>
			</array>
		</property>
	</bean>
	
	<bean id="dataSourceRef" class="org.apache.commons.dbcp.BasicDataSource" destroy-method="close">
		<property name="driverClassName" value="net.sf.log4jdbc.DriverSpy"/>
		<property name="url" value="jdbc:log4jdbc:mariadb://192.168.10.120:3306/BSCV6_DB"/>
		<property name="username" value="BSCV6"/>
		<property name="password" value="BSCV6"/>
		<property name="testWhileIdle" value="false"/>
		<property name="testOnBorrow" value="false"/>
	</bean>
</beans>
