<?xml version="1.0" encoding="UTF-8"?>
<beans xmlns="http://www.springframework.org/schema/beans" xmlns:xsi="http://www.w3.org/2001/XMLSchema-instance"
	xsi:schemaLocation="http://www.springframework.org/schema/beans http://www.springframework.org/schema/beans/spring-beans-4.0.xsd">

	<bean id="egov.lobHandler" class="org.springframework.jdbc.support.lob.DefaultLobHandler" lazy-init="true"/>
	
	<bean id="sqlSession" class="org.mybatis.spring.SqlSessionFactoryBean">
		<property name="dataSource" ref="dataSource-oracle"/>
		<property name="configLocation" value="classpath:/sql/config/mybatis-config.xml"></property>
		<property name="mapperLocations">
			<array>
				<value>classpath:/sql/*_SQL.xml</value>
				<value>classpath:/sql/egovframework/*_SQL.xml</value>
			</array>
		</property>
	</bean>

	<bean id="egovConnectionFactory" class="egovframework.rte.fdl.logging.db.EgovConnectionFactory">
		<property name="dataSource" ref="dataSource-oracle"/>
	</bean>
	
	<bean id="txManager" class="org.springframework.jdbc.datasource.DataSourceTransactionManager">
		<property name="dataSource" ref="dataSource-oracle"/>
	</bean>
	
	<bean id="dataSource-oracle" class="org.apache.commons.dbcp.BasicDataSource" destroy-method="close">
		<property name="driverClassName" value="net.sf.log4jdbc.DriverSpy"/>
		<property name="url" value="jdbc:log4jdbc:oracle:thin:@192.168.10.120:1521:ispark"/>
		<property name="username" value="BSCV6"/>
		<property name="password" value="BSCV6"/>
		<property name="testWhileIdle" value="false"/>
		<property name="testOnBorrow" value="false"/>
	</bean>
</beans>
